빌드 시작: 2017-08-14 오전 7:50:42
     1>2 노드의 "C:\Users\student\Desktop\workspace\deepdive_into_c\c-exercise\c-exercise.vcxproj" 프로젝트(Build 대상)입니다.
     1>ClCompile:
         C:\Program Files (x86)\Microsoft Visual Studio 12.0\VC\bin\CL.exe /c /ZI /nologo /W4 /WX- /Od /Oy- /D WIN32 /D _DEBUG /D _CONSOLE /D _LIB /D _UNICODE /D UNICODE /Gm /EHsc /RTC1 /MDd /GS /fp:precise /Zc:wchar_t /Zc:forScope /Fo"Debug\\" /Fd"Debug\vc120.pdb" /Gd /TC /analyze- /errorReport:prompt pointer_170808.c pointer_170809.c
         pointer_170809.c
         pointer_170808.c
     1>c:\users\student\desktop\workspace\deepdive_into_c\c-exercise\pointer_170808.c(13): error C2105: '++'에 l-value가 필요합니다.
     1>c:\users\student\desktop\workspace\deepdive_into_c\c-exercise\pointer_170808.c(14): error C2105: '++'에 l-value가 필요합니다.
     1>c:\users\student\desktop\workspace\deepdive_into_c\c-exercise\pointer_170808.c(16): error C2105: '++'에 l-value가 필요합니다.
     1>c:\users\student\desktop\workspace\deepdive_into_c\c-exercise\pointer_170808.c(22): error C2105: '++'에 l-value가 필요합니다.
         코드를 생성하고 있습니다...
     1>"C:\Users\student\Desktop\workspace\deepdive_into_c\c-exercise\c-exercise.vcxproj" 프로젝트를 빌드했습니다(Build 대상). - 실패

빌드하지 못했습니다.

경과 시간: 00:00:00.29
